<?xml version="1.0" encoding="UTF-8"?>
<!-- Generated by org.testng.reporters.JUnitReportReporter -->
<testsuite hostname="LAPTOP-5KMFOFH9" failures="0" tests="4" name="webTest.DashboardPageTest" time="12.542" errors="0" timestamp="2023-11-11T08:41:11 IST" skipped="0">
  <testcase classname="webTest.DashboardPageTest" name="verifyAdmin" time="3.246"/>
  <system-out/>
  <testcase classname="webTest.DashboardPageTest" name="VerifySearchWithUsername" time="3.815"/>
  <system-out/>
  <testcase classname="webTest.DashboardPageTest" name="VerifySerchWithUserRole" time="2.812"/>
  <system-out/>
  <testcase classname="webTest.DashboardPageTest" name="VerifySerchWithUserStatus" time="2.669"/>
  <system-out/>
</testsuite> <!-- webTest.DashboardPageTest -->
